#
# There is insufficient memory for the Java Runtime Environment to continue.
# Native memory allocation (mmap) failed to map 132120576 bytes for G1 virtual space
# Possible reasons:
#   The system is out of physical RAM or swap space
#   The process is running with CompressedOops enabled, and the Java Heap may be blocking the growth of the native heap
# Possible solutions:
#   Reduce memory load on the system
#   Increase physical memory or swap space
#   Check if swap backing store is full
#   Decrease Java heap size (-Xmx/-Xms)
#   Decrease number of Java threads
#   Decrease Java thread stack sizes (-Xss)
#   Set larger code cache with -XX:ReservedCodeCacheSize=
#   JVM is running with Unscaled Compressed Oops mode in which the Java heap is
#     placed in the first 4GB address space. The Java Heap base address is the
#     maximum limit for the native heap growth. Please use -XX:HeapBaseMinAddress
#     to set the Java Heap base and to place the Java Heap above 4GB virtual address.
# This output file may be truncated or incomplete.
#
#  Out of Memory Error (os_windows.cpp:3557), pid=24972, tid=16840
#
# JRE version:  (17.0.6+10) (build )
# Java VM: OpenJDK 64-Bit Server VM (17.0.6+10, mixed mode, sharing, tiered, compressed oops, compressed class ptrs, g1 gc, windows-amd64)
# No core dump will be written. Minidumps are not enabled by default on client versions of Windows
#

---------------  S U M M A R Y ------------

Command Line: -Djava.security.manager=allow -Dant.home=C:\Program Files\apache-ant-1.10.13 org.apache.tools.ant.launch.Launcher -cp .;C:\Program Files (x86)\Java\jre1.8.0_171\lib\ext\QTJava.zip serverStaff

Host: Intel(R) Pentium(R) Silver N5030 CPU @ 1.10GHz, 4 cores, 7G,  Windows 11 , 64 bit Build 22621 (10.0.22621.1635)
Time: Sun May 21 22:56:31 2023 Hora de verano romance elapsed time: 0.108840 seconds (0d 0h 0m 0s)

---------------  T H R E A D  ---------------

Current thread (0x00000231fbc180a0):  JavaThread "Unknown thread" [_thread_in_vm, id=16840, stack(0x000000ecc1800000,0x000000ecc1900000)]

Stack: [0x000000ecc1800000,0x000000ecc1900000]
Native frames: (J=compiled Java code, j=interpreted, Vv=VM code, C=native code)
V  [jvm.dll+0x67741a]
V  [jvm.dll+0x834434]
V  [jvm.dll+0x835bde]
V  [jvm.dll+0x836243]
V  [jvm.dll+0x2457b5]
V  [jvm.dll+0x674329]
V  [jvm.dll+0x6689da]
V  [jvm.dll+0x30489b]
V  [jvm.dll+0x30bd96]
V  [jvm.dll+0x35b57e]
V  [jvm.dll+0x35b7af]
V  [jvm.dll+0x2db778]
V  [jvm.dll+0x2dc6e4]
V  [jvm.dll+0x806131]
V  [jvm.dll+0x369331]
V  [jvm.dll+0x7e56ac]
V  [jvm.dll+0x3eb35f]
V  [jvm.dll+0x3ecea1]
C  [jli.dll+0x5267]
C  [ucrtbase.dll+0x29363]
C  [KERNEL32.DLL+0x126ad]
C  [ntdll.dll+0x5a9f8]


---------------  P R O C E S S  ---------------

Threads class SMR info:
_java_thread_list=0x00007ff8bbbb5fd8, length=0, elements={
}

Java Threads: ( => current thread )

Other Threads:
  0x00000231fbc71d80 GCTaskThread "GC Thread#0" [stack: 0x000000ecc1900000,0x000000ecc1a00000] [id=3396]
  0x00000231fbc82fd0 ConcurrentGCThread "G1 Main Marker" [stack: 0x000000ecc1a00000,0x000000ecc1b00000] [id=2660]
  0x00000231fbc839e0 ConcurrentGCThread "G1 Conc#0" [stack: 0x000000ecc1b00000,0x000000ecc1c00000] [id=80]

[error occurred during error reporting (printing all threads), id 0xc0000005, EXCEPTION_ACCESS_VIOLATION (0xc0000005) at pc=0x00007ff8bb38c1e7]

VM state: not at safepoint (not fully initialized)

VM Mutex/Monitor currently owned by a thread:  ([mutex/lock_event])
[0x00000231fbc13d20] Heap_lock - owner thread: 0x00000231fbc180a0

Heap address: 0x0000000083000000, size: 2000 MB, Compressed Oops mode: 32-bit

CDS archive(s) mapped at: [0x0000000000000000-0x0000000000000000-0x0000000000000000), size 0, SharedBaseAddress: 0x0000000800000000, ArchiveRelocationMode: 0.
Narrow klass base: 0x0000000000000000, Narrow klass shift: 0, Narrow klass range: 0x0

GC Precious Log:
<Empty>

Heap:
 garbage-first heap   total 0K, used 0K [0x0000000083000000, 0x0000000100000000)
  region size 1024K, 0 young (0K), 0 survivors (0K)

[error occurred during error reporting (printing heap information), id 0xc0000005, EXCEPTION_ACCESS_VIOLATION (0xc0000005) at pc=0x00007ff8bb7706f9]

GC Heap History (0 events):
No events

Dll operation events (1 events):
Event: 0.085 Loaded shared library C:\Program Files\Eclipse Adoptium\jdk-17.0.6.10-hotspot\bin\java.dll

Deoptimization events (0 events):
No events

Classes unloaded (0 events):
No events

Classes redefined (0 events):
No events

Internal exceptions (0 events):
No events

VM Operations (0 events):
No events

Events (0 events):
No events


Dynamic libraries:
0x00007ff6afa30000 - 0x00007ff6afa3e000 	C:\Program Files\Eclipse Adoptium\jdk-17.0.6.10-hotspot\bin\java.exe
0x00007ff94be90000 - 0x00007ff94c0a4000 	C:\WINDOWS\SYSTEM32\ntdll.dll
0x00007ff94a140000 - 0x00007ff94a202000 	C:\WINDOWS\System32\KERNEL32.DLL
0x00007ff9492b0000 - 0x00007ff949653000 	C:\WINDOWS\System32\KERNELBASE.dll
0x00007ff949b70000 - 0x00007ff949c81000 	C:\WINDOWS\System32\ucrtbase.dll
0x00007ff927040000 - 0x00007ff927059000 	C:\Program Files\Eclipse Adoptium\jdk-17.0.6.10-hotspot\bin\VCRUNTIME140.dll
0x00007ff927020000 - 0x00007ff927037000 	C:\Program Files\Eclipse Adoptium\jdk-17.0.6.10-hotspot\bin\jli.dll
0x00007ff949dc0000 - 0x00007ff949f6b000 	C:\WINDOWS\System32\USER32.dll
0x00007ff949950000 - 0x00007ff949976000 	C:\WINDOWS\System32\win32u.dll
0x00007ff934490000 - 0x00007ff93471e000 	C:\WINDOWS\WinSxS\amd64_microsoft.windows.common-controls_6595b64144ccf1df_6.0.22621.1635_none_270f70857386168e\COMCTL32.dll
0x00007ff949d30000 - 0x00007ff949d59000 	C:\WINDOWS\System32\GDI32.dll
0x00007ff949660000 - 0x00007ff949778000 	C:\WINDOWS\System32\gdi32full.dll
0x00007ff9498b0000 - 0x00007ff94994a000 	C:\WINDOWS\System32\msvcp_win.dll
0x00007ff94a270000 - 0x00007ff94a317000 	C:\WINDOWS\System32\msvcrt.dll
0x00007ff94b580000 - 0x00007ff94b5b1000 	C:\WINDOWS\System32\IMM32.DLL
0x00007ff932170000 - 0x00007ff93217c000 	C:\Program Files\Eclipse Adoptium\jdk-17.0.6.10-hotspot\bin\vcruntime140_1.dll
0x00007ff906880000 - 0x00007ff906911000 	C:\Program Files\Eclipse Adoptium\jdk-17.0.6.10-hotspot\bin\msvcp140.dll
0x00007ff8bb0a0000 - 0x00007ff8bbce7000 	C:\Program Files\Eclipse Adoptium\jdk-17.0.6.10-hotspot\bin\server\jvm.dll
0x00007ff94aac0000 - 0x00007ff94ab6e000 	C:\WINDOWS\System32\ADVAPI32.dll
0x00007ff94a4e0000 - 0x00007ff94a584000 	C:\WINDOWS\System32\sechost.dll
0x00007ff94a3b0000 - 0x00007ff94a4c7000 	C:\WINDOWS\System32\RPCRT4.dll
0x00007ff922c80000 - 0x00007ff922c89000 	C:\WINDOWS\SYSTEM32\WSOCK32.dll
0x00007ff94b080000 - 0x00007ff94b0f1000 	C:\WINDOWS\System32\WS2_32.dll
0x00007ff940df0000 - 0x00007ff940e24000 	C:\WINDOWS\SYSTEM32\WINMM.dll
0x00007ff93e880000 - 0x00007ff93e88a000 	C:\WINDOWS\SYSTEM32\VERSION.dll
0x00007ff948300000 - 0x00007ff948318000 	C:\WINDOWS\SYSTEM32\kernel.appcore.dll
0x00007ff932010000 - 0x00007ff93201a000 	C:\Program Files\Eclipse Adoptium\jdk-17.0.6.10-hotspot\bin\jimage.dll
0x00007ff946c70000 - 0x00007ff946e9e000 	C:\WINDOWS\SYSTEM32\DBGHELP.DLL
0x00007ff94a730000 - 0x00007ff94aab9000 	C:\WINDOWS\System32\combase.dll
0x00007ff94afa0000 - 0x00007ff94b077000 	C:\WINDOWS\System32\OLEAUT32.dll
0x00007ff92b2d0000 - 0x00007ff92b302000 	C:\WINDOWS\SYSTEM32\dbgcore.DLL
0x00007ff949980000 - 0x00007ff9499fb000 	C:\WINDOWS\System32\bcryptPrimitives.dll
0x00007ff90cf80000 - 0x00007ff90cfa5000 	C:\Program Files\Eclipse Adoptium\jdk-17.0.6.10-hotspot\bin\java.dll

dbghelp: loaded successfully - version: 4.0.5 - missing functions: none
symbol engine: initialized successfully - sym options: 0x614 - pdb path: .;C:\Program Files\Eclipse Adoptium\jdk-17.0.6.10-hotspot\bin;C:\WINDOWS\SYSTEM32;C:\WINDOWS\WinSxS\amd64_microsoft.windows.common-controls_6595b64144ccf1df_6.0.22621.1635_none_270f70857386168e;C:\Program Files\Eclipse Adoptium\jdk-17.0.6.10-hotspot\bin\server

VM Arguments:
jvm_args: -Djava.security.manager=allow -Dant.home=C:\Program Files\apache-ant-1.10.13 
java_command: org.apache.tools.ant.launch.Launcher -cp .;C:\Program Files (x86)\Java\jre1.8.0_171\lib\ext\QTJava.zip serverStaff
java_class_path (initial): C:\Program Files\apache-ant-1.10.13\lib\ant-launcher.jar
Launcher Type: SUN_STANDARD

[Global flags]
     intx CICompilerCount                          = 3                                         {product} {ergonomic}
     uint ConcGCThreads                            = 1                                         {product} {ergonomic}
     uint G1ConcRefinementThreads                  = 4                                         {product} {ergonomic}
   size_t G1HeapRegionSize                         = 1048576                                   {product} {ergonomic}
    uintx GCDrainStackTargetSize                   = 64                                        {product} {ergonomic}
   size_t InitialHeapSize                          = 132120576                                 {product} {ergonomic}
   size_t MarkStackSize                            = 4194304                                   {product} {ergonomic}
   size_t MaxHeapSize                              = 2097152000                                {product} {ergonomic}
   size_t MinHeapDeltaBytes                        = 1048576                                   {product} {ergonomic}
   size_t MinHeapSize                              = 8388608                                   {product} {ergonomic}
    uintx NonNMethodCodeHeapSize                   = 5832780                                {pd product} {ergonomic}
    uintx NonProfiledCodeHeapSize                  = 122912730                              {pd product} {ergonomic}
    uintx ProfiledCodeHeapSize                     = 122912730                              {pd product} {ergonomic}
    uintx ReservedCodeCacheSize                    = 251658240                              {pd product} {ergonomic}
     bool SegmentedCodeCache                       = true                                      {product} {ergonomic}
   size_t SoftMaxHeapSize                          = 2097152000                             {manageable} {ergonomic}
     bool UseCompressedClassPointers               = true                           {product lp64_product} {ergonomic}
     bool UseCompressedOops                        = true                           {product lp64_product} {ergonomic}
     bool UseG1GC                                  = true                                      {product} {ergonomic}
     bool UseLargePagesIndividualAllocation        = false                                  {pd product} {ergonomic}

Logging:
Log output configuration:
 #0: stdout all=warning uptime,level,tags
 #1: stderr all=off uptime,level,tags

Environment Variables:
CLASSPATH=.;C:\Program Files (x86)\Java\jre1.8.0_171\lib\ext\QTJava.zip
PATH=C:\Program Files (x86)\VMware\VMware Player\bin\;C:\Program Files\Eclipse Adoptium\jdk-17.0.6.10-hotspot\bin;C:\Program Files (x86)\Common Files\Oracle\Java\javapath;C:\WINDOWS\system32;C:\WINDOWS;C:\WINDOWS\System32\Wbem;C:\WINDOWS\System32\WindowsPowerShell\v1.0\;C:\WINDOWS\System32\OpenSSH\;C:\Program Files (x86)\Java\jdk1.8.0_171\bin;C:\Program Files (x86)\QuickTime\QTSystem\;C:\Program Files (x86)\Common Files\DivX Shared\DesktopService;C:\Program Files\dotnet\;C:\Program Files\Git\cmd;C:\Users\ALUMNO\AppData\Local\Programs\Python\Python310;C:\Users\ALUMNO\AppData\Local\Programs\Python\Python310\Scripts\;C:\Program Files\nodejs\;C:\Program Files\Git\mingw64\bin\curl.exe;C:\Program Files\Git\bin\protoc-21.9-win32.zip;C:\Program Files\Git\bin\bin;C:\Program Files\GnuWin32\bin;C:\Program Files (x86)\GnuWin32\bin;C:\MinGW\bin;C:\Program Files\apache-ant-1.10.13\bin;C:\Program Files\PuTTY\;C:\Program Files\Docker\Docker\resources\bin;C:\Users\ALUMNO\AppData\Local\Microsoft\WindowsApps;;C:\Users\ALUMNO\AppData\Local\Programs\Microsoft VS Code\bin;C:\Users\ALUMNO\AppData\Roaming\npm;C:\Program Files (x86)\Nmap
USERNAME=ALUMNO
LANG=en_US.UTF-8
OS=Windows_NT
PROCESSOR_IDENTIFIER=Intel64 Family 6 Model 122 Stepping 8, GenuineIntel
TMP=C:\Users\ALUMNO\AppData\Local\Temp
TEMP=C:\Users\ALUMNO\AppData\Local\Temp



---------------  S Y S T E M  ---------------

OS:
 Windows 11 , 64 bit Build 22621 (10.0.22621.1635)
OS uptime: 8 days 1:47 hours

CPU: total 4 (initial active 4) (4 cores per cpu, 1 threads per core) family 6 model 122 stepping 8 microcode 0x18, cx8, cmov, fxsr, mmx, 3dnowpref, sse, sse2, sse3, ssse3, sse4.1, sse4.2, popcnt, tsc, tscinvbit, aes, erms, clmul, sha, clflush, clflushopt

Memory: 4k page, system-wide physical 7995M (1213M free)
TotalPageFile size 23116M (AvailPageFile size 13M)
current process WorkingSet (physical memory assigned to process): 11M, peak: 11M
current process commit charge ("private bytes"): 52M, peak: 177M

vm_info: OpenJDK 64-Bit Server VM (17.0.6+10) for windows-amd64 JRE (17.0.6+10), built on Jan 18 2023 10:08:59 by "temurin" with MS VC++ 16.7 (VS2019)

END.
